{"contracts/SimpleSwap.sol":{"l":{"101":34,"102":34,"131":33,"132":33,"133":33,"134":32,"135":31,"136":31,"138":31,"147":31,"149":31,"151":31,"178":31,"179":28,"182":3,"183":3,"184":2,"185":2,"188":1,"189":1,"190":1,"216":31,"217":31,"218":31,"243":5,"244":5,"245":5,"246":5,"248":5,"249":5,"250":5,"252":5,"253":5,"254":4,"256":4,"274":5,"275":5,"276":5,"277":5,"294":5,"295":4,"329":4,"330":4,"331":4,"351":5,"352":5,"353":5,"354":4,"355":3,"356":3,"357":3,"358":3,"360":3,"362":2,"363":2,"365":2,"367":1,"369":1,"392":2,"393":2,"414":1,"415":1,"430":1,"431":1,"432":1,"433":1,"444":2,"445":2,"446":2,"462":7,"463":7,"464":7,"465":6},"path":"/home/lautaro/Documentos/PERSONAL/uniswap-monorepo/packages/uniswap-connection/contracts/SimpleSwap.sol","s":{"1":33,"2":33,"3":33,"4":32,"5":31,"6":31,"7":31,"8":31,"9":31,"10":28,"11":3,"12":3,"13":2,"14":2,"15":1,"16":1,"17":1,"18":31,"19":31,"20":31,"21":5,"22":5,"23":5,"24":5,"25":5,"26":5,"27":4,"28":4,"29":5,"30":5,"31":5,"32":5,"33":5,"34":4,"35":4,"36":4,"37":4,"38":5,"39":5,"40":5,"41":4,"42":3,"43":3,"44":2,"45":2,"46":1,"47":1,"48":1,"49":1,"50":2,"51":2,"52":7,"53":7,"54":7},"b":{"1":[32,1],"2":[31,1],"3":[31,0],"4":[28,3],"5":[2,1],"6":[2,0],"7":[1,0],"8":[5,0],"9":[5,0],"10":[5,0],"11":[4,1],"12":[4,0],"13":[4,1],"14":[3,1],"15":[2,1],"16":[2,0],"17":[1,1],"18":[6,1]},"f":{"1":34,"2":33,"3":31,"4":31,"5":5,"6":5,"7":5,"8":4,"9":5,"10":2,"11":1,"12":1,"13":2,"14":7},"fnMap":{"1":{"name":"constructor","line":100,"loc":{"start":{"line":100,"column":4},"end":{"line":103,"column":4}}},"2":{"name":"addLiquidity","line":121,"loc":{"start":{"line":121,"column":4},"end":{"line":152,"column":4}}},"3":{"name":"_calculateOptimalAmounts","line":170,"loc":{"start":{"line":170,"column":4},"end":{"line":191,"column":4}}},"4":{"name":"_executeDeposit","line":209,"loc":{"start":{"line":209,"column":4},"end":{"line":219,"column":4}}},"5":{"name":"removeLiquidity","line":234,"loc":{"start":{"line":234,"column":4},"end":{"line":257,"column":4}}},"6":{"name":"_calculateAmounts","line":273,"loc":{"start":{"line":273,"column":4},"end":{"line":278,"column":4}}},"7":{"name":"_validateAmounts","line":293,"loc":{"start":{"line":293,"column":4},"end":{"line":296,"column":4}}},"8":{"name":"_executeRemoveLiquidity","line":320,"loc":{"start":{"line":320,"column":4},"end":{"line":332,"column":4}}},"9":{"name":"swapExactTokensForTokens","line":344,"loc":{"start":{"line":344,"column":4},"end":{"line":370,"column":4}}},"10":{"name":"_calculateReserves","line":391,"loc":{"start":{"line":391,"column":4},"end":{"line":394,"column":4}}},"11":{"name":"_executeSwap","line":413,"loc":{"start":{"line":413,"column":4},"end":{"line":416,"column":4}}},"12":{"name":"createAmountsArray","line":429,"loc":{"start":{"line":429,"column":4},"end":{"line":434,"column":4}}},"13":{"name":"getPrice","line":443,"loc":{"start":{"line":443,"column":4},"end":{"line":447,"column":4}}},"14":{"name":"getAmountOut","line":457,"loc":{"start":{"line":457,"column":4},"end":{"line":466,"column":4}}}},"statementMap":{"1":{"start":{"line":131,"column":8},"end":{"line":131,"column":32}},"2":{"start":{"line":132,"column":8},"end":{"line":132,"column":32}},"3":{"start":{"line":133,"column":8},"end":{"line":133,"column":62}},"4":{"start":{"line":134,"column":8},"end":{"line":134,"column":118}},"5":{"start":{"line":135,"column":8},"end":{"line":135,"column":66}},"6":{"start":{"line":136,"column":8},"end":{"line":136,"column":66}},"7":{"start":{"line":147,"column":8},"end":{"line":147,"column":60}},"8":{"start":{"line":151,"column":8},"end":{"line":151,"column":68}},"9":{"start":{"line":178,"column":8},"end":{"line":178,"column":7095}},"10":{"start":{"line":179,"column":12},"end":{"line":179,"column":51}},"11":{"start":{"line":182,"column":8},"end":{"line":182,"column":71}},"12":{"start":{"line":183,"column":8},"end":{"line":183,"column":7286}},"13":{"start":{"line":184,"column":12},"end":{"line":184,"column":73}},"14":{"start":{"line":185,"column":12},"end":{"line":185,"column":51}},"15":{"start":{"line":188,"column":8},"end":{"line":188,"column":71}},"16":{"start":{"line":189,"column":8},"end":{"line":189,"column":69}},"17":{"start":{"line":190,"column":8},"end":{"line":190,"column":47}},"18":{"start":{"line":216,"column":8},"end":{"line":216,"column":74}},"19":{"start":{"line":217,"column":8},"end":{"line":217,"column":74}},"20":{"start":{"line":218,"column":8},"end":{"line":218,"column":46}},"21":{"start":{"line":243,"column":8},"end":{"line":243,"column":32}},"22":{"start":{"line":244,"column":8},"end":{"line":244,"column":32}},"23":{"start":{"line":245,"column":8},"end":{"line":245,"column":62}},"24":{"start":{"line":246,"column":8},"end":{"line":246,"column":118}},"25":{"start":{"line":248,"column":8},"end":{"line":248,"column":33}},"26":{"start":{"line":253,"column":8},"end":{"line":253,"column":65}},"27":{"start":{"line":254,"column":8},"end":{"line":254,"column":101}},"28":{"start":{"line":256,"column":8},"end":{"line":256,"column":70}},"29":{"start":{"line":274,"column":8},"end":{"line":274,"column":66}},"30":{"start":{"line":275,"column":8},"end":{"line":275,"column":66}},"31":{"start":{"line":276,"column":8},"end":{"line":276,"column":38}},"32":{"start":{"line":277,"column":8},"end":{"line":277,"column":81}},"33":{"start":{"line":294,"column":8},"end":{"line":294,"column":62}},"34":{"start":{"line":295,"column":8},"end":{"line":295,"column":62}},"35":{"start":{"line":329,"column":8},"end":{"line":329,"column":29}},"36":{"start":{"line":330,"column":8},"end":{"line":330,"column":47}},"37":{"start":{"line":331,"column":8},"end":{"line":331,"column":47}},"38":{"start":{"line":351,"column":8},"end":{"line":351,"column":32}},"39":{"start":{"line":352,"column":8},"end":{"line":352,"column":32}},"40":{"start":{"line":353,"column":8},"end":{"line":353,"column":62}},"41":{"start":{"line":354,"column":8},"end":{"line":354,"column":48}},"42":{"start":{"line":355,"column":8},"end":{"line":355,"column":28}},"43":{"start":{"line":360,"column":8},"end":{"line":360,"column":144}},"44":{"start":{"line":362,"column":8},"end":{"line":362,"column":31}},"45":{"start":{"line":365,"column":8},"end":{"line":365,"column":76}},"46":{"start":{"line":367,"column":8},"end":{"line":367,"column":29}},"47":{"start":{"line":414,"column":8},"end":{"line":414,"column":86}},"48":{"start":{"line":415,"column":8},"end":{"line":415,"column":61}},"49":{"start":{"line":433,"column":8},"end":{"line":433,"column":22}},"50":{"start":{"line":444,"column":8},"end":{"line":444,"column":66}},"51":{"start":{"line":445,"column":8},"end":{"line":445,"column":66}},"52":{"start":{"line":462,"column":8},"end":{"line":462,"column":49}},"53":{"start":{"line":463,"column":8},"end":{"line":463,"column":50}},"54":{"start":{"line":464,"column":8},"end":{"line":464,"column":46}}},"branchMap":{"1":{"line":133,"type":"if","locations":[{"start":{"line":133,"column":8},"end":{"line":133,"column":8}},{"start":{"line":133,"column":8},"end":{"line":133,"column":8}}]},"2":{"line":134,"type":"if","locations":[{"start":{"line":134,"column":8},"end":{"line":134,"column":8}},{"start":{"line":134,"column":8},"end":{"line":134,"column":8}}]},"3":{"line":134,"type":"cond-expr","locations":[{"start":{"line":134,"column":16},"end":{"line":134,"column":55}},{"start":{"line":134,"column":60},"end":{"line":134,"column":99}}]},"4":{"line":178,"type":"if","locations":[{"start":{"line":178,"column":8},"end":{"line":178,"column":8}},{"start":{"line":178,"column":8},"end":{"line":178,"column":8}}]},"5":{"line":183,"type":"if","locations":[{"start":{"line":183,"column":8},"end":{"line":183,"column":8}},{"start":{"line":183,"column":8},"end":{"line":183,"column":8}}]},"6":{"line":184,"type":"if","locations":[{"start":{"line":184,"column":12},"end":{"line":184,"column":12}},{"start":{"line":184,"column":12},"end":{"line":184,"column":12}}]},"7":{"line":189,"type":"if","locations":[{"start":{"line":189,"column":8},"end":{"line":189,"column":8}},{"start":{"line":189,"column":8},"end":{"line":189,"column":8}}]},"8":{"line":245,"type":"if","locations":[{"start":{"line":245,"column":8},"end":{"line":245,"column":8}},{"start":{"line":245,"column":8},"end":{"line":245,"column":8}}]},"9":{"line":246,"type":"if","locations":[{"start":{"line":246,"column":8},"end":{"line":246,"column":8}},{"start":{"line":246,"column":8},"end":{"line":246,"column":8}}]},"10":{"line":246,"type":"cond-expr","locations":[{"start":{"line":246,"column":16},"end":{"line":246,"column":55}},{"start":{"line":246,"column":60},"end":{"line":246,"column":99}}]},"11":{"line":294,"type":"if","locations":[{"start":{"line":294,"column":8},"end":{"line":294,"column":8}},{"start":{"line":294,"column":8},"end":{"line":294,"column":8}}]},"12":{"line":295,"type":"if","locations":[{"start":{"line":295,"column":8},"end":{"line":295,"column":8}},{"start":{"line":295,"column":8},"end":{"line":295,"column":8}}]},"13":{"line":353,"type":"if","locations":[{"start":{"line":353,"column":8},"end":{"line":353,"column":8}},{"start":{"line":353,"column":8},"end":{"line":353,"column":8}}]},"14":{"line":354,"type":"if","locations":[{"start":{"line":354,"column":8},"end":{"line":354,"column":8}},{"start":{"line":354,"column":8},"end":{"line":354,"column":8}}]},"15":{"line":360,"type":"if","locations":[{"start":{"line":360,"column":8},"end":{"line":360,"column":8}},{"start":{"line":360,"column":8},"end":{"line":360,"column":8}}]},"16":{"line":360,"type":"cond-expr","locations":[{"start":{"line":360,"column":16},"end":{"line":360,"column":68}},{"start":{"line":360,"column":73},"end":{"line":360,"column":125}}]},"17":{"line":365,"type":"if","locations":[{"start":{"line":365,"column":8},"end":{"line":365,"column":8}},{"start":{"line":365,"column":8},"end":{"line":365,"column":8}}]},"18":{"line":464,"type":"if","locations":[{"start":{"line":464,"column":8},"end":{"line":464,"column":8}},{"start":{"line":464,"column":8},"end":{"line":464,"column":8}}]}}},"contracts/TokenA.sol":{"l":{"28":52,"38":5},"path":"/home/lautaro/Documentos/PERSONAL/uniswap-monorepo/packages/uniswap-connection/contracts/TokenA.sol","s":{"1":52,"2":5},"b":{"1":[5,2]},"f":{"1":52,"2":5},"fnMap":{"1":{"name":"constructor","line":25,"loc":{"start":{"line":23,"column":4},"end":{"line":29,"column":4}}},"2":{"name":"mint","line":36,"loc":{"start":{"line":36,"column":4},"end":{"line":39,"column":4}}}},"statementMap":{"1":{"start":{"line":28,"column":8},"end":{"line":28,"column":63}},"2":{"start":{"line":38,"column":8},"end":{"line":38,"column":24}}},"branchMap":{"1":{"line":36,"type":"if","locations":[{"start":{"line":36,"column":53},"end":{"line":36,"column":53}},{"start":{"line":36,"column":53},"end":{"line":36,"column":53}}]}}},"contracts/TokenB.sol":{"l":{"28":52,"38":5},"path":"/home/lautaro/Documentos/PERSONAL/uniswap-monorepo/packages/uniswap-connection/contracts/TokenB.sol","s":{"1":52,"2":5},"b":{"1":[5,2]},"f":{"1":52,"2":5},"fnMap":{"1":{"name":"constructor","line":25,"loc":{"start":{"line":23,"column":4},"end":{"line":29,"column":4}}},"2":{"name":"mint","line":36,"loc":{"start":{"line":36,"column":4},"end":{"line":39,"column":4}}}},"statementMap":{"1":{"start":{"line":28,"column":8},"end":{"line":28,"column":63}},"2":{"start":{"line":38,"column":8},"end":{"line":38,"column":24}}},"branchMap":{"1":{"line":36,"type":"if","locations":[{"start":{"line":36,"column":53},"end":{"line":36,"column":53}},{"start":{"line":36,"column":53},"end":{"line":36,"column":53}}]}}}}