TN:
SF:/home/lautaro/Documentos/PERSONAL/uniswap-monorepo/packages/uniswap-connection/contracts/SimpleSwap.sol
FN:100,constructor
FN:121,addLiquidity
FN:170,_calculateOptimalAmounts
FN:209,_executeDeposit
FN:234,removeLiquidity
FN:273,_calculateAmounts
FN:293,_validateAmounts
FN:320,_executeRemoveLiquidity
FN:344,swapExactTokensForTokens
FN:391,_calculateReserves
FN:413,_executeSwap
FN:429,createAmountsArray
FN:443,getPrice
FN:457,getAmountOut
FNF:14
FNH:14
FNDA:34,constructor
FNDA:33,addLiquidity
FNDA:31,_calculateOptimalAmounts
FNDA:31,_executeDeposit
FNDA:5,removeLiquidity
FNDA:5,_calculateAmounts
FNDA:5,_validateAmounts
FNDA:4,_executeRemoveLiquidity
FNDA:5,swapExactTokensForTokens
FNDA:2,_calculateReserves
FNDA:1,_executeSwap
FNDA:1,createAmountsArray
FNDA:2,getPrice
FNDA:7,getAmountOut
DA:101,34
DA:102,34
DA:131,33
DA:132,33
DA:133,33
DA:134,32
DA:135,31
DA:136,31
DA:138,31
DA:147,31
DA:149,31
DA:151,31
DA:178,31
DA:179,28
DA:182,3
DA:183,3
DA:184,2
DA:185,2
DA:188,1
DA:189,1
DA:190,1
DA:216,31
DA:217,31
DA:218,31
DA:243,5
DA:244,5
DA:245,5
DA:246,5
DA:248,5
DA:249,5
DA:250,5
DA:252,5
DA:253,5
DA:254,4
DA:256,4
DA:274,5
DA:275,5
DA:276,5
DA:277,5
DA:294,5
DA:295,4
DA:329,4
DA:330,4
DA:331,4
DA:351,5
DA:352,5
DA:353,5
DA:354,4
DA:355,3
DA:356,3
DA:357,3
DA:358,3
DA:360,3
DA:362,2
DA:363,2
DA:365,2
DA:367,1
DA:369,1
DA:392,2
DA:393,2
DA:414,1
DA:415,1
DA:430,1
DA:431,1
DA:432,1
DA:433,1
DA:444,2
DA:445,2
DA:446,2
DA:462,7
DA:463,7
DA:464,7
DA:465,6
LF:73
LH:73
BRDA:133,1,0,32
BRDA:133,1,1,1
BRDA:134,2,0,31
BRDA:134,2,1,1
BRDA:134,3,0,31
BRDA:134,3,1,0
BRDA:178,4,0,28
BRDA:178,4,1,3
BRDA:183,5,0,2
BRDA:183,5,1,1
BRDA:184,6,0,2
BRDA:184,6,1,0
BRDA:189,7,0,1
BRDA:189,7,1,0
BRDA:245,8,0,5
BRDA:245,8,1,0
BRDA:246,9,0,5
BRDA:246,9,1,0
BRDA:246,10,0,5
BRDA:246,10,1,0
BRDA:294,11,0,4
BRDA:294,11,1,1
BRDA:295,12,0,4
BRDA:295,12,1,0
BRDA:353,13,0,4
BRDA:353,13,1,1
BRDA:354,14,0,3
BRDA:354,14,1,1
BRDA:360,15,0,2
BRDA:360,15,1,1
BRDA:360,16,0,2
BRDA:360,16,1,0
BRDA:365,17,0,1
BRDA:365,17,1,1
BRDA:464,18,0,6
BRDA:464,18,1,1
BRF:36
BRH:28
end_of_record
TN:
SF:/home/lautaro/Documentos/PERSONAL/uniswap-monorepo/packages/uniswap-connection/contracts/TokenA.sol
FN:25,constructor
FN:36,mint
FNF:2
FNH:2
FNDA:52,constructor
FNDA:5,mint
DA:28,52
DA:38,5
LF:2
LH:2
BRDA:36,1,0,5
BRDA:36,1,1,2
BRF:2
BRH:2
end_of_record
TN:
SF:/home/lautaro/Documentos/PERSONAL/uniswap-monorepo/packages/uniswap-connection/contracts/TokenB.sol
FN:25,constructor
FN:36,mint
FNF:2
FNH:2
FNDA:52,constructor
FNDA:5,mint
DA:28,52
DA:38,5
LF:2
LH:2
BRDA:36,1,0,5
BRDA:36,1,1,2
BRF:2
BRH:2
end_of_record
